<?xml version="1.0" encoding="UTF-8"?>
<testng-results skipped="0" failed="0" total="2" passed="2">
  <reporter-output>
    <line>
      <![CDATA[Verify correct title is displapyed]]>
    </line>
    <line>
      <![CDATA[Verify correct search button functionality]]>
    </line>
  </reporter-output>
  <suite name="Suite" duration-ms="18583" started-at="2013-07-28T16:30:34Z" finished-at="2013-07-28T16:30:53Z">
    <groups>
    </groups>
    <test name="Test" duration-ms="18583" started-at="2013-07-28T16:30:34Z" finished-at="2013-07-28T16:30:53Z">
      <class name="ar.com.selenium.fw.scripts.SmokeTest">
        <test-method status="PASS" signature="BeforeSuite()[pri:0, instance:ar.com.selenium.fw.scripts.SmokeTest@891d76]" name="BeforeSuite" is-config="true" duration-ms="5883" started-at="2013-07-28T17:30:29Z" finished-at="2013-07-28T17:30:34Z">
          <reporter-output>
          </reporter-output>
        </test-method> <!-- BeforeSuite -->
        <test-method status="PASS" signature="verifyEnterOnWikipedia()[pri:0, instance:ar.com.selenium.fw.scripts.SmokeTest@891d76]" name="verifyEnterOnWikipedia" duration-ms="2962" started-at="2013-07-28T17:30:34Z" description="Go to Wikipedia Home Page" finished-at="2013-07-28T17:30:37Z">
          <reporter-output>
            <line>
              <![CDATA[Verify correct title is displapyed]]>
            </line>
          </reporter-output>
        </test-method> <!-- verifyEnterOnWikipedia -->
        <test-method status="PASS" signature="verifySearchButtonFunctionality()[pri:0, instance:ar.com.selenium.fw.scripts.SmokeTest@891d76]" name="verifySearchButtonFunctionality" duration-ms="15591" started-at="2013-07-28T17:30:37Z" description="Search button functionality" finished-at="2013-07-28T17:30:53Z">
          <reporter-output>
            <line>
              <![CDATA[Verify correct search button functionality]]>
            </line>
          </reporter-output>
        </test-method> <!-- verifySearchButtonFunctionality -->
        <test-method status="PASS" signature="afterSuite()[pri:0, instance:ar.com.selenium.fw.scripts.SmokeTest@891d76]" name="afterSuite" is-config="true" duration-ms="250" started-at="2013-07-28T17:30:53Z" finished-at="2013-07-28T17:30:53Z">
          <reporter-output>
          </reporter-output>
        </test-method> <!-- afterSuite -->
      </class> <!-- ar.com.selenium.fw.scripts.SmokeTest -->
    </test> <!-- Test -->
  </suite> <!-- Suite -->
</testng-results>
