<?xml version="1.0" encoding="UTF-8"?>
<!-- Generated by org.testng.reporters.JUnitXMLReporter -->
<testsuite hostname="pc_desarrollo" name="Test" tests="2" failures="1" timestamp="20 Dec 2013 03:32:26 GMT" time="47.015" errors="0">
  <testcase name="verifyEnterOnWikipedia" time="10.302" classname="ar.com.selenium.fw.scripts.SmokeTest"/>
  <testcase name="verifySearchButtonFunctionality" time="36.61" classname="ar.com.selenium.fw.scripts.SmokeTest">
    <failure type="java.lang.AssertionError" message="expected [true] but found [false]">
      <![CDATA[java.lang.AssertionError: expected [true] but found [false]
	at ar.com.selenium.fw.scripts.SmokeTest.verifySearchButtonFunctionality(SmokeTest.java:48)
... Removed 28 stack frames]]>
    </failure>
  </testcase> <!-- verifySearchButtonFunctionality -->
</testsuite> <!-- Test -->
